This file contains any messages produced by compilers while
running configure, to aid debugging if configure makes a mistake.

It was created by cppunit configure 1.13.0, which was
generated by GNU Autoconf 2.68.  Invocation command line was

  $ ./configure 

## --------- ##
## Platform. ##
## --------- ##

hostname = Katies-MacBook-Pro.local
uname -m = x86_64
uname -r = 16.1.0
uname -s = Darwin
uname -v = Darwin Kernel Version 16.1.0: Wed Oct 19 20:31:56 PDT 2016; root:xnu-3789.21.4~4/RELEASE_X86_64

/usr/bin/uname -p = i386
/bin/uname -X     = unknown

/bin/arch              = unknown
/usr/bin/arch -k       = unknown
/usr/convex/getsysinfo = unknown
/usr/bin/hostinfo      = Mach kernel version:
	 Darwin Kernel Version 16.1.0: Wed Oct 19 20:31:56 PDT 2016; root:xnu-3789.21.4~4/RELEASE_X86_64
Kernel configured for up to 4 processors.
2 processors are physically available.
4 processors are logically available.
Processor type: x86_64h (Intel x86-64h Haswell)
Processors active: 0 1 2 3
Primary memory available: 8.00 gigabytes
Default processor set: 339 tasks, 1256 threads, 4 processors
Load average: 2.16, Mach factor: 2.20
/bin/machine           = unknown
/usr/bin/oslevel       = unknown
/bin/universe          = unknown

PATH: /Library/Frameworks/Python.framework/Versions/2.7/bin
PATH: /Library/Frameworks/Python.framework/Versions/3.6/bin
PATH: /Library/Frameworks/Python.framework/Versions/3.5/bin
PATH: /usr/local/bin
PATH: /usr/bin
PATH: /bin
PATH: /usr/sbin
PATH: /sbin
PATH: /Library/TeX/texbin


## ----------- ##
## Core tests. ##
## ----------- ##

configure:2484: checking for a BSD-compatible install
configure:2552: result: /usr/bin/install -c
configure:2563: checking whether build environment is sane
configure:2613: result: yes
configure:2754: checking for a thread-safe mkdir -p
configure:2793: result: config/install-sh -c -d
configure:2806: checking for gawk
configure:2836: result: no
configure:2806: checking for mawk
configure:2836: result: no
configure:2806: checking for nawk
configure:2836: result: no
configure:2806: checking for awk
configure:2822: found /usr/bin/awk
configure:2833: result: awk
configure:2844: checking whether make sets $(MAKE)
configure:2866: result: yes
configure:2992: checking whether make sets $(MAKE)
configure:3014: result: yes
configure:3078: checking for gcc
configure:3094: found /usr/bin/gcc
configure:3105: result: gcc
configure:3334: checking for C compiler version
configure:3343: gcc --version >&5
Apple LLVM version 8.0.0 (clang-800.0.42.1)
Target: x86_64-apple-darwin16.1.0
Thread model: posix
InstalledDir: /Library/Developer/CommandLineTools/usr/bin
Configured with: --prefix=/Library/Developer/CommandLineTools/usr --with-gxx-include-dir=/usr/include/c++/4.2.1
configure:3354: $? = 0
configure:3343: gcc -v >&5
Configured with: --prefix=/Library/Developer/CommandLineTools/usr --with-gxx-include-dir=/usr/include/c++/4.2.1
Apple LLVM version 8.0.0 (clang-800.0.42.1)
Target: x86_64-apple-darwin16.1.0
Thread model: posix
InstalledDir: /Library/Developer/CommandLineTools/usr/bin
configure:3354: $? = 0
configure:3343: gcc -V >&5
clang: error: argument to '-V' is missing (expected 1 value)
clang: error: no input files
configure:3354: $? = 1
configure:3343: gcc -qversion >&5
clang: error: unknown argument: '-qversion'
clang: error: no input files
configure:3354: $? = 1
configure:3374: checking whether the C compiler works
configure:3396: gcc    conftest.c  >&5
configure:3400: $? = 0
configure:3448: result: yes
configure:3451: checking for C compiler default output file name
configure:3453: result: a.out
configure:3459: checking for suffix of executables
configure:3466: gcc -o conftest    conftest.c  >&5
configure:3470: $? = 0
configure:3492: result: 
configure:3514: checking whether we are cross compiling
configure:3522: gcc -o conftest    conftest.c  >&5
configure:3526: $? = 0
configure:3533: ./conftest
configure:3537: $? = 0
configure:3552: result: no
configure:3557: checking for suffix of object files
configure:3579: gcc -c   conftest.c >&5
configure:3583: $? = 0
configure:3604: result: o
configure:3608: checking whether we are using the GNU C compiler
configure:3627: gcc -c   conftest.c >&5
configure:3627: $? = 0
configure:3636: result: yes
configure:3645: checking whether gcc accepts -g
configure:3665: gcc -c -g  conftest.c >&5
configure:3665: $? = 0
configure:3706: result: yes
configure:3723: checking for gcc option to accept ISO C89
configure:3787: gcc  -c -g -O2  conftest.c >&5
configure:3787: $? = 0
configure:3800: result: none needed
configure:3831: checking for style of include used by make
configure:3859: result: GNU
configure:3884: checking dependency style of gcc
configure:3994: result: gcc3
configure:4067: checking for g++
configure:4083: found /usr/bin/g++
configure:4094: result: g++
configure:4121: checking for C++ compiler version
configure:4130: g++ --version >&5
Apple LLVM version 8.0.0 (clang-800.0.42.1)
Target: x86_64-apple-darwin16.1.0
Thread model: posix
InstalledDir: /Library/Developer/CommandLineTools/usr/bin
Configured with: --prefix=/Library/Developer/CommandLineTools/usr --with-gxx-include-dir=/usr/include/c++/4.2.1
configure:4141: $? = 0
configure:4130: g++ -v >&5
Configured with: --prefix=/Library/Developer/CommandLineTools/usr --with-gxx-include-dir=/usr/include/c++/4.2.1
Apple LLVM version 8.0.0 (clang-800.0.42.1)
Target: x86_64-apple-darwin16.1.0
Thread model: posix
InstalledDir: /Library/Developer/CommandLineTools/usr/bin
configure:4141: $? = 0
configure:4130: g++ -V >&5
clang: error: argument to '-V' is missing (expected 1 value)
clang: error: no input files
configure:4141: $? = 1
configure:4130: g++ -qversion >&5
clang: error: unknown argument: '-qversion'
clang: error: no input files
configure:4141: $? = 1
configure:4145: checking whether we are using the GNU C++ compiler
configure:4164: g++ -c   conftest.cpp >&5
configure:4164: $? = 0
configure:4173: result: yes
configure:4182: checking whether g++ accepts -g
configure:4202: g++ -c -g  conftest.cpp >&5
configure:4202: $? = 0
configure:4243: result: yes
configure:4268: checking dependency style of g++
configure:4378: result: gcc3
configure:4404: checking build system type
configure:4418: result: x86_64-apple-darwin16.1.0
configure:4438: checking host system type
configure:4451: result: x86_64-apple-darwin16.1.0
configure:4820: checking how to print strings
configure:4847: result: printf
configure:4868: checking for a sed that does not truncate output
configure:4932: result: /usr/bin/sed
configure:4950: checking for grep that handles long lines and -e
configure:5008: result: /usr/bin/grep
configure:5013: checking for egrep
configure:5075: result: /usr/bin/grep -E
configure:5080: checking for fgrep
configure:5142: result: /usr/bin/grep -F
configure:5177: checking for ld used by gcc
configure:5244: result: /Library/Developer/CommandLineTools/usr/bin/ld
configure:5251: checking if the linker (/Library/Developer/CommandLineTools/usr/bin/ld) is GNU ld
configure:5266: result: no
configure:5278: checking for BSD- or MS-compatible name lister (nm)
configure:5327: result: /usr/bin/nm -B
configure:5457: checking the name lister (/usr/bin/nm -B) interface
configure:5464: g++ -c -g -O2  conftest.cpp >&5
configure:5467: /usr/bin/nm -B "conftest.o"
configure:5470: output
00000000000001fc S _some_variable
configure:5477: result: BSD nm
configure:5480: checking whether ln -s works
configure:5484: result: yes
configure:5492: checking the maximum length of command line arguments
configure:5617: result: 196608
configure:5634: checking whether the shell understands some XSI constructs
configure:5644: result: yes
configure:5648: checking whether the shell understands "+="
configure:5654: result: yes
configure:5689: checking how to convert x86_64-apple-darwin16.1.0 file names to x86_64-apple-darwin16.1.0 format
configure:5729: result: func_convert_file_noop
configure:5736: checking how to convert x86_64-apple-darwin16.1.0 file names to toolchain format
configure:5756: result: func_convert_file_noop
configure:5763: checking for /Library/Developer/CommandLineTools/usr/bin/ld option to reload object files
configure:5770: result: -r
configure:5844: checking for objdump
configure:5871: result: objdump
configure:5900: checking how to recognize dependent libraries
configure:6102: result: pass_all
configure:6187: checking for dlltool
configure:6214: result: dlltool
configure:6244: checking how to associate runtime and link libraries
configure:6271: result: printf %s\n
configure:6332: checking for ar
configure:6348: found /usr/bin/ar
configure:6359: result: ar
configure:6396: checking for archiver @FILE support
configure:6413: g++ -c -g -O2  conftest.cpp >&5
configure:6413: $? = 0
configure:6416: ar cru libconftest.a @conftest.lst >&5
ar: @conftest.lst: No such file or directory
configure:6419: $? = 1
configure:6439: result: no
configure:6497: checking for strip
configure:6513: found /usr/bin/strip
configure:6524: result: strip
configure:6596: checking for ranlib
configure:6612: found /usr/bin/ranlib
configure:6623: result: ranlib
configure:6725: checking command to parse /usr/bin/nm -B output from gcc object
configure:6844: g++ -c -g -O2  conftest.cpp >&5
configure:6847: $? = 0
configure:6851: /usr/bin/nm -B conftest.o \| sed -n -e 's/^.*[ ]\([BCDEGRST][BCDEGRST]*\)[ ][ ]*\([_A-Za-z][_A-Za-z0-9]*\)$/\1 \2 \2/p' | sed '/ __gnu_lto/d' \> conftest.nm
configure:6854: $? = 0
cannot find nm_test_var in conftest.nm
configure:6844: g++ -c -g -O2  conftest.cpp >&5
configure:6847: $? = 0
configure:6851: /usr/bin/nm -B conftest.o \| sed -n -e 's/^.*[ ]\([BCDEGRST][BCDEGRST]*\)[ ][ ]*_\([_A-Za-z][_A-Za-z0-9]*\)$/\1 _\2 \2/p' | sed '/ __gnu_lto/d' \> conftest.nm
configure:6854: $? = 0
configure:6920: g++ -o conftest -g -O2   conftest.cpp conftstm.o >&5
configure:6923: $? = 0
configure:6961: result: ok
configure:6998: checking for sysroot
configure:7028: result: no
configure:7272: checking for mt
configure:7302: result: no
configure:7322: checking if : is a manifest tool
configure:7328: : '-?'
configure:7336: result: no
configure:7392: checking for dsymutil
configure:7408: found /usr/bin/dsymutil
configure:7419: result: dsymutil
configure:7484: checking for nmedit
configure:7500: found /usr/bin/nmedit
configure:7511: result: nmedit
configure:7576: checking for lipo
configure:7592: found /usr/bin/lipo
configure:7603: result: lipo
configure:7668: checking for otool
configure:7684: found /usr/bin/otool
configure:7695: result: otool
configure:7760: checking for otool64
configure:7790: result: no
configure:7835: checking for -single_module linker flag
gcc -g -O2  -o libconftest.dylib -dynamiclib -Wl,-single_module conftest.c
configure:7862: result: yes
configure:7864: checking for -exported_symbols_list linker flag
configure:7884: g++ -o conftest -g -O2   -Wl,-exported_symbols_list,conftest.sym conftest.cpp  >&5
configure:7884: $? = 0
configure:7894: result: yes
configure:7896: checking for -force_load linker flag
gcc -g -O2 -c -o conftest.o conftest.c
ar cru libconftest.a conftest.o
ranlib libconftest.a
gcc -g -O2  -o conftest conftest.c -Wl,-force_load,./libconftest.a
warning: (x86_64)  could not find object file symbol for symbol _forced_loaded
configure:7926: result: no
configure:7968: checking how to run the C preprocessor
configure:7999: gcc -E  conftest.c
configure:7999: $? = 0
configure:8013: gcc -E  conftest.c
conftest.c:11:10: fatal error: 'ac_nonexistent.h' file not found
#include <ac_nonexistent.h>
         ^
1 error generated.
configure:8013: $? = 1
configure: failed program was:
| /* confdefs.h */
| #define PACKAGE_NAME "cppunit"
| #define PACKAGE_TARNAME "cppunit"
| #define PACKAGE_VERSION "1.13.0"
| #define PACKAGE_STRING "cppunit 1.13.0"
| #define PACKAGE_BUGREPORT ""
| #define PACKAGE_URL ""
| #define PACKAGE "cppunit"
| #define VERSION "1.13.0"
| /* end confdefs.h.  */
| #include <ac_nonexistent.h>
configure:8038: result: gcc -E
configure:8058: gcc -E  conftest.c
configure:8058: $? = 0
configure:8072: gcc -E  conftest.c
conftest.c:11:10: fatal error: 'ac_nonexistent.h' file not found
#include <ac_nonexistent.h>
         ^
1 error generated.
configure:8072: $? = 1
configure: failed program was:
| /* confdefs.h */
| #define PACKAGE_NAME "cppunit"
| #define PACKAGE_TARNAME "cppunit"
| #define PACKAGE_VERSION "1.13.0"
| #define PACKAGE_STRING "cppunit 1.13.0"
| #define PACKAGE_BUGREPORT ""
| #define PACKAGE_URL ""
| #define PACKAGE "cppunit"
| #define VERSION "1.13.0"
| /* end confdefs.h.  */
| #include <ac_nonexistent.h>
configure:8101: checking for ANSI C header files
configure:8121: gcc -c -g -O2  conftest.c >&5
configure:8121: $? = 0
configure:8194: gcc -o conftest -g -O2   conftest.c  >&5
configure:8194: $? = 0
configure:8194: ./conftest
configure:8194: $? = 0
configure:8205: result: yes
configure:8218: checking for sys/types.h
configure:8218: gcc -c -g -O2  conftest.c >&5
configure:8218: $? = 0
configure:8218: result: yes
configure:8218: checking for sys/stat.h
configure:8218: gcc -c -g -O2  conftest.c >&5
configure:8218: $? = 0
configure:8218: result: yes
configure:8218: checking for stdlib.h
configure:8218: gcc -c -g -O2  conftest.c >&5
configure:8218: $? = 0
configure:8218: result: yes
configure:8218: checking for string.h
configure:8218: gcc -c -g -O2  conftest.c >&5
configure:8218: $? = 0
configure:8218: result: yes
configure:8218: checking for memory.h
configure:8218: gcc -c -g -O2  conftest.c >&5
configure:8218: $? = 0
configure:8218: result: yes
configure:8218: checking for strings.h
configure:8218: gcc -c -g -O2  conftest.c >&5
configure:8218: $? = 0
configure:8218: result: yes
configure:8218: checking for inttypes.h
configure:8218: gcc -c -g -O2  conftest.c >&5
configure:8218: $? = 0
configure:8218: result: yes
configure:8218: checking for stdint.h
configure:8218: gcc -c -g -O2  conftest.c >&5
configure:8218: $? = 0
configure:8218: result: yes
configure:8218: checking for unistd.h
configure:8218: gcc -c -g -O2  conftest.c >&5
configure:8218: $? = 0
configure:8218: result: yes
configure:8232: checking for dlfcn.h
configure:8232: gcc -c -g -O2  conftest.c >&5
configure:8232: $? = 0
configure:8232: result: yes
configure:8427: checking for objdir
configure:8442: result: .libs
configure:8713: checking if gcc supports -fno-rtti -fno-exceptions
configure:8731: gcc -c -g -O2  -fno-rtti -fno-exceptions conftest.c >&5
configure:8735: $? = 0
configure:8748: result: yes
configure:9058: checking for gcc option to produce PIC
configure:9065: result: -fno-common -DPIC
configure:9073: checking if gcc PIC flag -fno-common -DPIC works
configure:9091: gcc -c -g -O2  -fno-common -DPIC -DPIC conftest.c >&5
configure:9095: $? = 0
configure:9108: result: yes
configure:9137: checking if gcc static flag -static works
configure:9165: result: no
configure:9180: checking if gcc supports -c -o file.o
configure:9201: gcc -c -g -O2  -o out/conftest2.o conftest.c >&5
configure:9205: $? = 0
configure:9227: result: yes
configure:9235: checking if gcc supports -c -o file.o
configure:9282: result: yes
configure:9315: checking whether the gcc linker (/Library/Developer/CommandLineTools/usr/bin/ld) supports shared libraries
configure:10473: result: yes
configure:10718: checking dynamic linker characteristics
configure:11454: result: darwin16.1.0 dyld
configure:11561: checking how to hardcode library paths into programs
configure:11586: result: immediate
configure:12126: checking whether stripping libraries is possible
configure:12140: result: yes
configure:12166: checking if libtool supports shared libraries
configure:12168: result: yes
configure:12171: checking whether to build shared libraries
configure:12192: result: yes
configure:12195: checking whether to build static libraries
configure:12199: result: yes
configure:12222: checking how to run the C++ preprocessor
configure:12249: g++ -E  conftest.cpp
configure:12249: $? = 0
configure:12263: g++ -E  conftest.cpp
conftest.cpp:23:10: fatal error: 'ac_nonexistent.h' file not found
#include <ac_nonexistent.h>
         ^
1 error generated.
configure:12263: $? = 1
configure: failed program was:
| /* confdefs.h */
| #define PACKAGE_NAME "cppunit"
| #define PACKAGE_TARNAME "cppunit"
| #define PACKAGE_VERSION "1.13.0"
| #define PACKAGE_STRING "cppunit 1.13.0"
| #define PACKAGE_BUGREPORT ""
| #define PACKAGE_URL ""
| #define PACKAGE "cppunit"
| #define VERSION "1.13.0"
| #define STDC_HEADERS 1
| #define HAVE_SYS_TYPES_H 1
| #define HAVE_SYS_STAT_H 1
| #define HAVE_STDLIB_H 1
| #define HAVE_STRING_H 1
| #define HAVE_MEMORY_H 1
| #define HAVE_STRINGS_H 1
| #define HAVE_INTTYPES_H 1
| #define HAVE_STDINT_H 1
| #define HAVE_UNISTD_H 1
| #define HAVE_DLFCN_H 1
| #define LT_OBJDIR ".libs/"
| /* end confdefs.h.  */
| #include <ac_nonexistent.h>
configure:12288: result: g++ -E
configure:12308: g++ -E  conftest.cpp
configure:12308: $? = 0
configure:12322: g++ -E  conftest.cpp
conftest.cpp:23:10: fatal error: 'ac_nonexistent.h' file not found
#include <ac_nonexistent.h>
         ^
1 error generated.
configure:12322: $? = 1
configure: failed program was:
| /* confdefs.h */
| #define PACKAGE_NAME "cppunit"
| #define PACKAGE_TARNAME "cppunit"
| #define PACKAGE_VERSION "1.13.0"
| #define PACKAGE_STRING "cppunit 1.13.0"
| #define PACKAGE_BUGREPORT ""
| #define PACKAGE_URL ""
| #define PACKAGE "cppunit"
| #define VERSION "1.13.0"
| #define STDC_HEADERS 1
| #define HAVE_SYS_TYPES_H 1
| #define HAVE_SYS_STAT_H 1
| #define HAVE_STDLIB_H 1
| #define HAVE_STRING_H 1
| #define HAVE_MEMORY_H 1
| #define HAVE_STRINGS_H 1
| #define HAVE_INTTYPES_H 1
| #define HAVE_STDINT_H 1
| #define HAVE_UNISTD_H 1
| #define HAVE_DLFCN_H 1
| #define LT_OBJDIR ".libs/"
| /* end confdefs.h.  */
| #include <ac_nonexistent.h>
configure:12492: checking for ld used by g++
configure:12559: result: /Library/Developer/CommandLineTools/usr/bin/ld
configure:12566: checking if the linker (/Library/Developer/CommandLineTools/usr/bin/ld) is GNU ld
configure:12581: result: no
configure:12636: checking whether the g++ linker (/Library/Developer/CommandLineTools/usr/bin/ld) supports shared libraries
configure:13640: result: yes
configure:13675: g++ -c -g -O2  conftest.cpp >&5
configure:13678: $? = 0
configure:14198: checking for g++ option to produce PIC
configure:14205: result: -fno-common -DPIC
configure:14213: checking if g++ PIC flag -fno-common -DPIC works
configure:14231: g++ -c -g -O2  -fno-common -DPIC -DPIC conftest.cpp >&5
configure:14235: $? = 0
configure:14248: result: yes
configure:14271: checking if g++ static flag -static works
configure:14299: result: no
configure:14311: checking if g++ supports -c -o file.o
configure:14332: g++ -c -g -O2  -o out/conftest2.o conftest.cpp >&5
configure:14336: $? = 0
configure:14358: result: yes
configure:14363: checking if g++ supports -c -o file.o
configure:14410: result: yes
configure:14440: checking whether the g++ linker (/Library/Developer/CommandLineTools/usr/bin/ld) supports shared libraries
configure:14474: result: yes
configure:14617: checking dynamic linker characteristics
configure:15287: result: darwin16.1.0 dyld
configure:15340: checking how to hardcode library paths into programs
configure:15365: result: immediate
configure:15429: checking for shl_load
configure:15429: g++ -o conftest -g -O2   conftest.cpp  >&5
Undefined symbols for architecture x86_64:
  "_shl_load", referenced from:
      _main in conftest-604509.o
ld: symbol(s) not found for architecture x86_64
clang: error: linker command failed with exit code 1 (use -v to see invocation)
configure:15429: $? = 1
configure: failed program was:
| /* confdefs.h */
| #define PACKAGE_NAME "cppunit"
| #define PACKAGE_TARNAME "cppunit"
| #define PACKAGE_VERSION "1.13.0"
| #define PACKAGE_STRING "cppunit 1.13.0"
| #define PACKAGE_BUGREPORT ""
| #define PACKAGE_URL ""
| #define PACKAGE "cppunit"
| #define VERSION "1.13.0"
| #define STDC_HEADERS 1
| #define HAVE_SYS_TYPES_H 1
| #define HAVE_SYS_STAT_H 1
| #define HAVE_STDLIB_H 1
| #define HAVE_STRING_H 1
| #define HAVE_MEMORY_H 1
| #define HAVE_STRINGS_H 1
| #define HAVE_INTTYPES_H 1
| #define HAVE_STDINT_H 1
| #define HAVE_UNISTD_H 1
| #define HAVE_DLFCN_H 1
| #define LT_OBJDIR ".libs/"
| /* end confdefs.h.  */
| /* Define shl_load to an innocuous variant, in case <limits.h> declares shl_load.
|    For example, HP-UX 11i <limits.h> declares gettimeofday.  */
| #define shl_load innocuous_shl_load
| 
| /* System header to define __stub macros and hopefully few prototypes,
|     which can conflict with char shl_load (); below.
|     Prefer <limits.h> to <assert.h> if __STDC__ is defined, since
|     <limits.h> exists even on freestanding compilers.  */
| 
| #ifdef __STDC__
| # include <limits.h>
| #else
| # include <assert.h>
| #endif
| 
| #undef shl_load
| 
| /* Override any GCC internal prototype to avoid an error.
|    Use char because int might match the return type of a GCC
|    builtin and then its argument prototype would still apply.  */
| #ifdef __cplusplus
| extern "C"
| #endif
| char shl_load ();
| /* The GNU C library defines this for functions which it implements
|     to always fail with ENOSYS.  Some functions are actually named
|     something starting with __ and the normal name is an alias.  */
| #if defined __stub_shl_load || defined __stub___shl_load
| choke me
| #endif
| 
| int
| main ()
| {
| return shl_load ();
|   ;
|   return 0;
| }
configure:15429: result: no
configure:15435: checking for shl_load in -ldld
configure:15460: g++ -o conftest -g -O2   conftest.cpp -ldld   >&5
ld: library not found for -ldld
clang: error: linker command failed with exit code 1 (use -v to see invocation)
configure:15460: $? = 1
configure: failed program was:
| /* confdefs.h */
| #define PACKAGE_NAME "cppunit"
| #define PACKAGE_TARNAME "cppunit"
| #define PACKAGE_VERSION "1.13.0"
| #define PACKAGE_STRING "cppunit 1.13.0"
| #define PACKAGE_BUGREPORT ""
| #define PACKAGE_URL ""
| #define PACKAGE "cppunit"
| #define VERSION "1.13.0"
| #define STDC_HEADERS 1
| #define HAVE_SYS_TYPES_H 1
| #define HAVE_SYS_STAT_H 1
| #define HAVE_STDLIB_H 1
| #define HAVE_STRING_H 1
| #define HAVE_MEMORY_H 1
| #define HAVE_STRINGS_H 1
| #define HAVE_INTTYPES_H 1
| #define HAVE_STDINT_H 1
| #define HAVE_UNISTD_H 1
| #define HAVE_DLFCN_H 1
| #define LT_OBJDIR ".libs/"
| /* end confdefs.h.  */
| 
| /* Override any GCC internal prototype to avoid an error.
|    Use char because int might match the return type of a GCC
|    builtin and then its argument prototype would still apply.  */
| #ifdef __cplusplus
| extern "C"
| #endif
| char shl_load ();
| int
| main ()
| {
| return shl_load ();
|   ;
|   return 0;
| }
configure:15469: result: no
configure:15477: checking for dlopen in -ldl
configure:15502: g++ -o conftest -g -O2   conftest.cpp -ldl   >&5
configure:15502: $? = 0
configure:15511: result: yes
configure:15646: checking for dlerror
configure:15646: g++ -o conftest -g -O2   conftest.cpp  -ldl >&5
configure:15646: $? = 0
configure:15646: result: yes
configure:15690: checking for doxygen
configure:15723: result: no
configure:15807: checking for cmath
configure:15807: g++ -c -g -O2  conftest.cpp >&5
configure:15807: $? = 0
configure:15807: result: yes
configure:15822: checking whether the compiler supports Run-Time Type Identification
configure:15857: g++ -c -g -O2  conftest.cpp >&5
configure:15857: $? = 0
configure:15871: result: yes
configure:15879: checking whether the compiler supports GCC C++ ABI name demangling
configure:15919: g++ -c -g -O2  conftest.cpp >&5
conftest.cpp:29:10: fatal error: 'malloc.h' file not found
#include <malloc.h>
         ^
1 error generated.
configure:15919: $? = 1
configure: failed program was:
| /* confdefs.h */
| #define PACKAGE_NAME "cppunit"
| #define PACKAGE_TARNAME "cppunit"
| #define PACKAGE_VERSION "1.13.0"
| #define PACKAGE_STRING "cppunit 1.13.0"
| #define PACKAGE_BUGREPORT ""
| #define PACKAGE_URL ""
| #define PACKAGE "cppunit"
| #define VERSION "1.13.0"
| #define STDC_HEADERS 1
| #define HAVE_SYS_TYPES_H 1
| #define HAVE_SYS_STAT_H 1
| #define HAVE_STDLIB_H 1
| #define HAVE_STRING_H 1
| #define HAVE_MEMORY_H 1
| #define HAVE_STRINGS_H 1
| #define HAVE_INTTYPES_H 1
| #define HAVE_STDINT_H 1
| #define HAVE_UNISTD_H 1
| #define HAVE_DLFCN_H 1
| #define LT_OBJDIR ".libs/"
| #define HAVE_LIBDL 1
| #define HAVE_DLERROR 1
| #define HAVE_CMATH 1
| #define HAVE_RTTI 1
| /* end confdefs.h.  */
| #include <typeinfo>
| #include <cxxabi.h>
| #include <malloc.h>
| #include <string>
| 
| template<typename TYPE>
| class A {};
| 
| int
| main ()
| {
| A<int> instance;
| int status = 0;
| char* c_name = 0;
| 
| c_name = abi::__cxa_demangle(typeid(instance).name(), 0, 0, &status);
| 
| std::string name(c_name);
| free(c_name);
| 
| return name == "A<int>";
| 
|   ;
|   return 0;
| }
configure:15933: result: no
configure:15941: checking whether the compiler implements namespaces
configure:15964: g++ -c -g -O2  conftest.cpp >&5
configure:15964: $? = 0
configure:15978: result: yes
configure:15986: checking whether std::string::compare takes a string in argument 1
configure:16014: g++ -c -g -O2  conftest.cpp >&5
conftest.cpp:36:10: error: no matching member function for call to 'compare'
return x.compare(y,0,1) == 0;
       ~~^~~~~~~
/Library/Developer/CommandLineTools/usr/bin/../include/c++/v1/string:1687:9: note: candidate function not viable: no known conversion from 'string' (aka 'basic_string<char, char_traits<char>, allocator<char> >') to 'size_type' (aka 'unsigned long') for 1st argument
    int compare(size_type __pos1, size_type __n1, const basic_string& __str) const;
        ^
/Library/Developer/CommandLineTools/usr/bin/../include/c++/v1/string:1690:9: note: candidate function not viable: no known conversion from 'string' (aka 'basic_string<char, char_traits<char>, allocator<char> >') to 'size_type' (aka 'unsigned long') for 1st argument
    int compare(size_type __pos1, size_type __n1, const value_type* __s) const;
        ^
/Library/Developer/CommandLineTools/usr/bin/../include/c++/v1/string:1691:9: note: candidate function not viable: requires 4 arguments, but 3 were provided
    int compare(size_type __pos1, size_type __n1, const value_type* __s, size_type __n2) const;
        ^
/Library/Developer/CommandLineTools/usr/bin/../include/c++/v1/string:1685:9: note: candidate function not viable: requires single argument '__str', but 3 arguments were provided
    int compare(const basic_string& __str) const _NOEXCEPT;
        ^
/Library/Developer/CommandLineTools/usr/bin/../include/c++/v1/string:1689:9: note: candidate function not viable: requires single argument '__s', but 3 arguments were provided
    int compare(const value_type* __s) const _NOEXCEPT;
        ^
/Library/Developer/CommandLineTools/usr/bin/../include/c++/v1/string:1688:9: note: candidate function not viable: requires at least 4 arguments, but 3 were provided
    int compare(size_type __pos1, size_type __n1, const basic_string& __str, size_type __pos2, size_type __n2=npos) const;
        ^
1 error generated.
configure:16014: $? = 1
configure: failed program was:
| /* confdefs.h */
| #define PACKAGE_NAME "cppunit"
| #define PACKAGE_TARNAME "cppunit"
| #define PACKAGE_VERSION "1.13.0"
| #define PACKAGE_STRING "cppunit 1.13.0"
| #define PACKAGE_BUGREPORT ""
| #define PACKAGE_URL ""
| #define PACKAGE "cppunit"
| #define VERSION "1.13.0"
| #define STDC_HEADERS 1
| #define HAVE_SYS_TYPES_H 1
| #define HAVE_SYS_STAT_H 1
| #define HAVE_STDLIB_H 1
| #define HAVE_STRING_H 1
| #define HAVE_MEMORY_H 1
| #define HAVE_STRINGS_H 1
| #define HAVE_INTTYPES_H 1
| #define HAVE_STDINT_H 1
| #define HAVE_UNISTD_H 1
| #define HAVE_DLFCN_H 1
| #define LT_OBJDIR ".libs/"
| #define HAVE_LIBDL 1
| #define HAVE_DLERROR 1
| #define HAVE_CMATH 1
| #define HAVE_RTTI 1
| #define HAVE_NAMESPACES 1
| /* end confdefs.h.  */
| #include <string>
| #ifdef HAVE_NAMESPACES
| using namespace std;
| #endif
| int
| main ()
| {
| string x("hi"); string y("h");
| return x.compare(y,0,1) == 0;
|   ;
|   return 0;
| }
configure:16028: result: no
configure:16040: checking whether the compiler has stringstream
configure:16067: g++ -c -g -O2  conftest.cpp >&5
configure:16067: $? = 0
configure:16081: result: yes
configure:16090: checking whether the library defines class strstream
configure:16105: checking strstream usability
configure:16105: g++ -c -g -O2  conftest.cpp >&5
configure:16105: $? = 0
configure:16105: result: yes
configure:16105: checking strstream presence
configure:16105: g++ -E  conftest.cpp
configure:16105: $? = 0
configure:16105: result: yes
configure:16105: checking for strstream
configure:16105: result: yes
configure:16134: g++ -c -g -O2  conftest.cpp >&5
configure:16134: $? = 0
configure:16148: result: yes
configure:16159: checking for isfinite
configure:16182: g++ -o conftest -g -O2   conftest.cpp  -lm >&5
configure:16182: $? = 0
configure:16196: result: yes
configure:16209: checking for finite
configure:16209: g++ -o conftest -g -O2   conftest.cpp  -lm >&5
configure:16209: $? = 0
configure:16209: result: yes
configure:16398: creating ./config.status

## ---------------------- ##
## Running config.status. ##
## ---------------------- ##

This file was extended by cppunit config.status 1.13.0, which was
generated by GNU Autoconf 2.68.  Invocation command line was

  CONFIG_FILES    = 
  CONFIG_HEADERS  = 
  CONFIG_LINKS    = 
  CONFIG_COMMANDS = 
  $ ./config.status 

on Katies-MacBook-Pro.local

config.status:1208: creating Makefile
config.status:1208: creating cppunit.pc
config.status:1208: creating cppunit.spec
config.status:1208: creating cppunit-config
config.status:1208: creating src/Makefile
config.status:1208: creating src/DllPlugInTester/Makefile
config.status:1208: creating src/cppunit/Makefile
config.status:1208: creating include/Makefile
config.status:1208: creating include/cppunit/Makefile
config.status:1208: creating include/cppunit/config/Makefile
config.status:1208: creating include/cppunit/extensions/Makefile
config.status:1208: creating include/cppunit/plugin/Makefile
config.status:1208: creating include/cppunit/portability/Makefile
config.status:1208: creating include/cppunit/tools/Makefile
config.status:1208: creating include/cppunit/ui/Makefile
config.status:1208: creating include/cppunit/ui/mfc/Makefile
config.status:1208: creating include/cppunit/ui/qt/Makefile
config.status:1208: creating include/cppunit/ui/text/Makefile
config.status:1208: creating doc/Makefile
config.status:1208: creating doc/Doxyfile
config.status:1208: creating examples/Makefile
config.status:1208: creating examples/simple/Makefile
config.status:1208: creating examples/hierarchy/Makefile
config.status:1208: creating examples/cppunittest/Makefile
config.status:1208: creating examples/ClockerPlugIn/Makefile
config.status:1208: creating examples/DumperPlugIn/Makefile
config.status:1208: creating examples/money/Makefile
config.status:1208: creating config/config.h
config.status:1437: executing depfiles commands
config.status:1437: executing libtool commands
config.status:1437: executing default commands
configure:18961: result: creating include/cppunit/config-auto.h - prefix CPPUNIT for config/config.h defines

## ---------------- ##
## Cache variables. ##
## ---------------- ##

ac_cv_build=x86_64-apple-darwin16.1.0
ac_cv_c_compiler_gnu=yes
ac_cv_cxx_compiler_gnu=yes
ac_cv_cxx_gcc_abi_demangle=no
ac_cv_cxx_have_class_strstream=yes
ac_cv_cxx_have_sstream=yes
ac_cv_cxx_namespaces=yes
ac_cv_cxx_rtti=yes
ac_cv_cxx_string_compare_string_first=no
ac_cv_env_CCC_set=
ac_cv_env_CCC_value=
ac_cv_env_CC_set=
ac_cv_env_CC_value=
ac_cv_env_CFLAGS_set=
ac_cv_env_CFLAGS_value=
ac_cv_env_CPPFLAGS_set=
ac_cv_env_CPPFLAGS_value=
ac_cv_env_CPP_set=
ac_cv_env_CPP_value=
ac_cv_env_CXXCPP_set=
ac_cv_env_CXXCPP_value=
ac_cv_env_CXXFLAGS_set=
ac_cv_env_CXXFLAGS_value=
ac_cv_env_CXX_set=
ac_cv_env_CXX_value=
ac_cv_env_LDFLAGS_set=
ac_cv_env_LDFLAGS_value=
ac_cv_env_LIBS_set=
ac_cv_env_LIBS_value=
ac_cv_env_build_alias_set=
ac_cv_env_build_alias_value=
ac_cv_env_host_alias_set=
ac_cv_env_host_alias_value=
ac_cv_env_target_alias_set=
ac_cv_env_target_alias_value=
ac_cv_func_dlerror=yes
ac_cv_func_finite=yes
ac_cv_func_shl_load=no
ac_cv_header_cmath=yes
ac_cv_header_dlfcn_h=yes
ac_cv_header_inttypes_h=yes
ac_cv_header_memory_h=yes
ac_cv_header_stdc=yes
ac_cv_header_stdint_h=yes
ac_cv_header_stdlib_h=yes
ac_cv_header_string_h=yes
ac_cv_header_strings_h=yes
ac_cv_header_strstream=yes
ac_cv_header_sys_stat_h=yes
ac_cv_header_sys_types_h=yes
ac_cv_header_unistd_h=yes
ac_cv_host=x86_64-apple-darwin16.1.0
ac_cv_lib_dl_dlopen=yes
ac_cv_lib_dld_shl_load=no
ac_cv_objext=o
ac_cv_path_EGREP='/usr/bin/grep -E'
ac_cv_path_FGREP='/usr/bin/grep -F'
ac_cv_path_GREP=/usr/bin/grep
ac_cv_path_SED=/usr/bin/sed
ac_cv_path_install='/usr/bin/install -c'
ac_cv_prog_AWK=awk
ac_cv_prog_CPP='gcc -E'
ac_cv_prog_CXXCPP='g++ -E'
ac_cv_prog_ac_ct_AR=ar
ac_cv_prog_ac_ct_CC=gcc
ac_cv_prog_ac_ct_CXX=g++
ac_cv_prog_ac_ct_DLLTOOL=dlltool
ac_cv_prog_ac_ct_DSYMUTIL=dsymutil
ac_cv_prog_ac_ct_LIPO=lipo
ac_cv_prog_ac_ct_NMEDIT=nmedit
ac_cv_prog_ac_ct_OBJDUMP=objdump
ac_cv_prog_ac_ct_OTOOL=otool
ac_cv_prog_ac_ct_RANLIB=ranlib
ac_cv_prog_ac_ct_STRIP=strip
ac_cv_prog_cc_c89=
ac_cv_prog_cc_g=yes
ac_cv_prog_cxx_g=yes
ac_cv_prog_make_make_set=yes
am_cv_CC_dependencies_compiler_type=gcc3
am_cv_CXX_dependencies_compiler_type=gcc3
ax_cv_cxx_have_isfinite=yes
lt_cv_apple_cc_single_mod=yes
lt_cv_ar_at_file=no
lt_cv_deplibs_check_method=pass_all
lt_cv_file_magic_cmd='$MAGIC_CMD'
lt_cv_file_magic_test_file=
lt_cv_ld_exported_symbols_list=yes
lt_cv_ld_force_load=no
lt_cv_ld_reload_flag=-r
lt_cv_nm_interface='BSD nm'
lt_cv_objdir=.libs
lt_cv_path_LD=/Library/Developer/CommandLineTools/usr/bin/ld
lt_cv_path_LDCXX=/Library/Developer/CommandLineTools/usr/bin/ld
lt_cv_path_NM='/usr/bin/nm -B'
lt_cv_path_mainfest_tool=no
lt_cv_prog_compiler_c_o=yes
lt_cv_prog_compiler_c_o_CXX=yes
lt_cv_prog_compiler_pic='-fno-common -DPIC'
lt_cv_prog_compiler_pic_CXX='-fno-common -DPIC'
lt_cv_prog_compiler_pic_works=yes
lt_cv_prog_compiler_pic_works_CXX=yes
lt_cv_prog_compiler_rtti_exceptions=yes
lt_cv_prog_compiler_static_works=no
lt_cv_prog_compiler_static_works_CXX=no
lt_cv_prog_gnu_ld=no
lt_cv_prog_gnu_ldcxx=no
lt_cv_sharedlib_from_linklib_cmd='printf %s\n'
lt_cv_sys_global_symbol_pipe='sed -n -e '\''s/^.*[	 ]\([BCDEGRST][BCDEGRST]*\)[	 ][	 ]*_\([_A-Za-z][_A-Za-z0-9]*\)$/\1 _\2 \2/p'\'' | sed '\''/ __gnu_lto/d'\'''
lt_cv_sys_global_symbol_to_c_name_address='sed -n -e '\''s/^: \([^ ]*\)[ ]*$/  {\"\1\", (void *) 0},/p'\'' -e '\''s/^[BCDEGRST]* \([^ ]*\) \([^ ]*\)$/  {"\2", (void *) \&\2},/p'\'''
lt_cv_sys_global_symbol_to_c_name_address_lib_prefix='sed -n -e '\''s/^: \([^ ]*\)[ ]*$/  {\"\1\", (void *) 0},/p'\'' -e '\''s/^[BCDEGRST]* \([^ ]*\) \(lib[^ ]*\)$/  {"\2", (void *) \&\2},/p'\'' -e '\''s/^[BCDEGRST]* \([^ ]*\) \([^ ]*\)$/  {"lib\2", (void *) \&\2},/p'\'''
lt_cv_sys_global_symbol_to_cdecl='sed -n -e '\''s/^T .* \(.*\)$/extern int \1();/p'\'' -e '\''s/^[BCDEGRST]* .* \(.*\)$/extern char \1;/p'\'''
lt_cv_sys_max_cmd_len=196608
lt_cv_to_host_file_cmd=func_convert_file_noop
lt_cv_to_tool_file_cmd=func_convert_file_noop

## ----------------- ##
## Output variables. ##
## ----------------- ##

ACLOCAL='${SHELL} /Users/Katie/Downloads/cppunit-1.13.0/config/missing --run aclocal-1.11'
AMDEPBACKSLASH='\'
AMDEP_FALSE='#'
AMDEP_TRUE=''
AMTAR='${SHELL} /Users/Katie/Downloads/cppunit-1.13.0/config/missing --run tar'
AM_BACKSLASH='\'
AM_DEFAULT_VERBOSITY='0'
AR='ar'
AS='as'
AUTOCONF='${SHELL} /Users/Katie/Downloads/cppunit-1.13.0/config/missing --run autoconf'
AUTOHEADER='${SHELL} /Users/Katie/Downloads/cppunit-1.13.0/config/missing --run autoheader'
AUTOMAKE='${SHELL} /Users/Katie/Downloads/cppunit-1.13.0/config/missing --run automake-1.11'
AWK='awk'
CC='gcc'
CCDEPMODE='depmode=gcc3'
CFLAGS='-g -O2'
CPP='gcc -E'
CPPFLAGS=''
CPPUNIT_BINARY_AGE='0'
CPPUNIT_INTERFACE_AGE='0'
CPPUNIT_MAJOR_VERSION='1'
CPPUNIT_MICRO_VERSION='0'
CPPUNIT_MINOR_VERSION='13'
CPPUNIT_VERSION='1.13.0'
CXX='g++'
CXXCPP='g++ -E'
CXXDEPMODE='depmode=gcc3'
CXXFLAGS='-g -O2'
CYGPATH_W='echo'
DEFS='-DHAVE_CONFIG_H'
DEPDIR='.deps'
DLLTOOL='dlltool'
DOC_FALSE=''
DOC_TRUE='#'
DOT=''
DOXYGEN=''
DSYMUTIL='dsymutil'
DUMPBIN=''
ECHO_C='\c'
ECHO_N=''
ECHO_T=''
EGREP='/usr/bin/grep -E'
EXEEXT=''
FGREP='/usr/bin/grep -F'
GREP='/usr/bin/grep'
INSTALL_DATA='${INSTALL} -m 644'
INSTALL_PROGRAM='${INSTALL}'
INSTALL_SCRIPT='${INSTALL}'
INSTALL_STRIP_PROGRAM='$(install_sh) -c -s'
LD='/Library/Developer/CommandLineTools/usr/bin/ld'
LDFLAGS=''
LIBADD_DL='-ldl'
LIBOBJS=''
LIBS=' -lm'
LIBTOOL='$(SHELL) $(top_builddir)/libtool'
LIPO='lipo'
LN_S='ln -s'
LTLIBOBJS=''
LT_AGE='0'
LT_CURRENT='0'
LT_RELEASE='1.13'
LT_REVISION='0'
MAKEINFO='${SHELL} /Users/Katie/Downloads/cppunit-1.13.0/config/missing --run makeinfo'
MANIFEST_TOOL=':'
MKDIR_P='config/install-sh -c -d'
NM='/usr/bin/nm -B'
NMEDIT='nmedit'
OBJDUMP='objdump'
OBJEXT='o'
OTOOL64=':'
OTOOL='otool'
PACKAGE='cppunit'
PACKAGE_BUGREPORT=''
PACKAGE_NAME='cppunit'
PACKAGE_STRING='cppunit 1.13.0'
PACKAGE_TARNAME='cppunit'
PACKAGE_URL=''
PACKAGE_VERSION='1.13.0'
PATH_SEPARATOR=':'
RANLIB='ranlib'
SED='/usr/bin/sed'
SET_MAKE=''
SHELL='/bin/sh'
STRIP='strip'
VERSION='1.13.0'
ac_ct_AR='ar'
ac_ct_CC='gcc'
ac_ct_CXX='g++'
ac_ct_DUMPBIN=''
am__EXEEXT_FALSE=''
am__EXEEXT_TRUE='#'
am__fastdepCC_FALSE='#'
am__fastdepCC_TRUE=''
am__fastdepCXX_FALSE='#'
am__fastdepCXX_TRUE=''
am__include='include'
am__isrc=''
am__leading_dot='.'
am__quote=''
am__tar='${AMTAR} chof - "$$tardir"'
am__untar='${AMTAR} xf -'
bindir='${exec_prefix}/bin'
build='x86_64-apple-darwin16.1.0'
build_alias=''
build_cpu='x86_64'
build_os='darwin16.1.0'
build_vendor='apple'
datadir='${datarootdir}'
datarootdir='${prefix}/share'
docdir='${datarootdir}/doc/${PACKAGE_TARNAME}'
dvidir='${docdir}'
enable_dot='no'
enable_html_docs='yes'
enable_latex_docs='no'
exec_prefix='${prefix}'
host='x86_64-apple-darwin16.1.0'
host_alias=''
host_cpu='x86_64'
host_os='darwin16.1.0'
host_vendor='apple'
htmldir='${docdir}'
includedir='${prefix}/include'
infodir='${datarootdir}/info'
install_sh='${SHELL} /Users/Katie/Downloads/cppunit-1.13.0/config/install-sh'
libdir='${exec_prefix}/lib'
libexecdir='${exec_prefix}/libexec'
localedir='${datarootdir}/locale'
localstatedir='${prefix}/var'
mandir='${datarootdir}/man'
mkdir_p='$(top_builddir)/config/install-sh -c -d'
oldincludedir='/usr/include'
pdfdir='${docdir}'
prefix='/usr/local'
program_transform_name='s,x,x,'
psdir='${docdir}'
sbindir='${exec_prefix}/sbin'
sharedstatedir='${prefix}/com'
sysconfdir='${prefix}/etc'
target_alias=''

## ----------- ##
## confdefs.h. ##
## ----------- ##

/* confdefs.h */
#define PACKAGE_NAME "cppunit"
#define PACKAGE_TARNAME "cppunit"
#define PACKAGE_VERSION "1.13.0"
#define PACKAGE_STRING "cppunit 1.13.0"
#define PACKAGE_BUGREPORT ""
#define PACKAGE_URL ""
#define PACKAGE "cppunit"
#define VERSION "1.13.0"
#define STDC_HEADERS 1
#define HAVE_SYS_TYPES_H 1
#define HAVE_SYS_STAT_H 1
#define HAVE_STDLIB_H 1
#define HAVE_STRING_H 1
#define HAVE_MEMORY_H 1
#define HAVE_STRINGS_H 1
#define HAVE_INTTYPES_H 1
#define HAVE_STDINT_H 1
#define HAVE_UNISTD_H 1
#define HAVE_DLFCN_H 1
#define LT_OBJDIR ".libs/"
#define HAVE_LIBDL 1
#define HAVE_DLERROR 1
#define HAVE_CMATH 1
#define HAVE_RTTI 1
#define HAVE_NAMESPACES 1
#define HAVE_SSTREAM 1
#define HAVE_STRSTREAM 1
#define HAVE_CLASS_STRSTREAM 1
#define HAVE_ISFINITE 1
#define HAVE_FINITE 1
#define USE_TYPEINFO_NAME CPPUNIT_HAVE_RTTI

configure: exit 0
